Generated automatically by private/update-coverage. Do not edit.

Name                    Stmts   Miss Branch BrMiss  Cover   Missing
-------------------------------------------------------------------
lib                         1      0      0      0   100%
lib.cli                     4      0      0      0   100%
lib.cli.djvu2hocr         225     74     72     37    63%   52, 119, 145-183, 186-209, 217-220, 235-238, 241-246, 251-256, 262, 333-334
lib.cli.hocr2djvused       42      1      8      1    96%   51
lib.cli.ocrodjvu          400    264     88     77    30%   61, 64-69, 78, 81-82, 91, 94, 104-109, 118, 121-149, 204, 226, 244-249, 258-263, 267-338, 344, 349-353, 356-360, 363-364, 368-378, 381-391, 394-416, 419-460, 463-540, 543-549, 552-555, 559-569
lib.engines                 8      0      4      0   100%
lib.engines.common         37     14      8      5    58%   37-40, 48-52, 55, 58-60, 63
lib.engines.cuneiform      94     15     20      4    83%   48-49, 61-62, 85, 98-99, 103, 110, 115, 152-155, 161
lib.engines.gocr          123     78     46     44    28%   22-23, 42-51, 54-105, 125-126, 131, 136, 142, 145-148, 154-164, 167-170
lib.engines.ocrad         126     79     42     41    29%   34-43, 48-98, 113-114, 123-124, 136, 140-143, 147, 153-166, 169-172
lib.engines.ocropus        65     35     14     12    41%   43, 52-70, 74, 77, 80, 83-105, 108
lib.engines.tesseract     176     90     44     33    44%   51-65, 72-85, 93-94, 111-112, 121, 131-132, 137, 141, 152, 168-169, 176, 183-191, 194, 198, 201-210, 216-266, 272-276, 279-286
lib.errors                 20      4      0      0    80%   17, 22, 37, 42
lib.hocr                  289     32    188     31    87%   28-30, 121, 135, 153, 168, 188, 243, 248, 252, 277, 282, 284, 298, 301, 313, 326, 346, 352, 367, 378, 380, 393, 412, 433-440
lib.html5_support           5      0      0      0   100%
lib.image_io               98      7     18      3    91%   20-22, 41, 46, 49, 161
lib.ipc                    69      4     28     10    86%   77-79, 110
lib.iso639                 10      2      6      2    75%   52, 55
lib.logger                 16      0      0      0   100%
lib.temporary              15      0      0      0   100%
lib.text_zones            146     14     54      8    89%   67, 93, 111, 113, 115, 117, 136, 139, 142, 157, 166, 222-225
lib.unicode_support        21      0      8      0   100%
lib.utils                  89      0     24      0   100%
lib.version                 1      0      0      0   100%
-------------------------------------------------------------------
TOTAL                    2080    713    672    308    63%
