Generated automatically by private/update-coverage. Do not edit.

Name                       Stmts   Miss Branch BrPart  Cover   Missing
----------------------------------------------------------------------
lib.py                         1      0      0      0   100%
lib/cli.py                     4      0      0      0   100%
lib/cli/djvu2hocr.py         225     74     72      5    63%   52, 119, 145-183, 186-209, 217-220, 235-238, 241-246, 251-256, 262, 333-334, 239->241, 249->251, 261->262, 296->306, 322->324
lib/cli/hocr2djvused.py       42      1      8      1    96%   51, 50->51
lib/cli/ocrodjvu.py          400    264    107      1    29%   61, 64-69, 78, 81-82, 91, 94, 104-109, 118, 121-149, 204, 226, 244-249, 258-263, 267-338, 344, 349-353, 356-360, 363-364, 368-378, 381-391, 394-417, 420-461, 464-541, 544-550, 553-556, 560-570, 220->226
lib/engines.py                 8      0      4      0   100%
lib/engines/common.py         37     14      8      1    58%   37-40, 48-52, 55, 58-60, 63, 36->37
lib/engines/cuneiform.py      98     17     24      5    82%   49-50, 62-63, 86, 92-93, 104-105, 109, 116, 121, 158-161, 167, 67->99, 78->86, 102->105, 112->116, 120->121
lib/engines/gocr.py          123     78     46      2    28%   22-23, 42-51, 54-105, 125-126, 131, 136, 142, 145-148, 154-164, 167-170, 130->131, 133->136
lib/engines/ocrad.py         126     79     42      1    29%   34-43, 48-98, 113-114, 123-124, 136, 140-143, 147, 153-166, 169-172, 128->131
lib/engines/ocropus.py        65     35     14      2    41%   43, 52-70, 74, 77, 80, 83-105, 108, 40->43, 44->63
lib/engines/tesseract.py     182     95     52      6    42%   51-62, 65-75, 82-95, 103-104, 121-122, 131, 141-142, 147, 151, 162, 178-179, 186, 193-201, 204, 208, 211-220, 226-276, 282-286, 289-296, 123->125, 125->131, 146->147, 150->151, 156->exit, 185->186
lib/errors.py                 20      4      0      0    80%   17, 22, 37, 42
lib/hocr.py                  290     31    186     27    87%   28-30, 121, 135, 153, 168, 188, 243, 248, 252, 276, 281, 283, 297, 300, 312, 345, 351, 366, 377, 379, 392, 411, 432-439, 118->121, 133->136, 134->135, 136->141, 149->153, 167->168, 242->243, 247->248, 250->252, 269->276, 280->281, 282->283, 291->295, 296->297, 298->312, 299->300, 344->345, 350->351, 362->366, 364->366, 374->377, 378->379, 391->392, 405->exit, 410->411, 418->432, 463->465
lib/html5_support.py           5      0      0      0   100%
lib/image_io.py               98      7     18      3    91%   20-22, 41, 46, 49, 161, 36->41, 66->exit, 157->161
lib/ipc.py                    66      1     26      6    90%   106, 36->39, 47->51, 52->56, 91->93, 99->101, 105->106
lib/iso639.py                 10      2      6      2    75%   52, 55, 51->52, 54->55
lib/logger.py                 16      0      0      0   100%
lib/temporary.py              15      0      0      0   100%
lib/text_zones.py            146     14     52      8    89%   67, 93, 111, 113, 115, 117, 136, 139, 142, 157, 166, 222-225, 92->93, 110->111, 112->113, 114->115, 116->117, 156->157, 165->166, 167->169
lib/unicode_support.py        21      0      8      0   100%
lib/utils.py                  89      0     24      0   100%
lib/version.py                 1      0      0      0   100%
----------------------------------------------------------------------
TOTAL                       2088    716    697     70    62%
